<?xml version="1.0" encoding="UTF-8"?>
<testsuite name="com.nur.command.users.list.GetListUsersHandlerTest" tests="2" skipped="0" failures="0" errors="0" timestamp="2024-01-03T01:49:38" hostname="DESKTOP-B9MAGP3" time="0.027">
  <properties/>
  <testcase name="testGetAllException()" classname="com.nur.command.users.list.GetListUsersHandlerTest" time="0.008"/>
  <testcase name="testGetAll()" classname="com.nur.command.users.list.GetListUsersHandlerTest" time="0.016"/>
  <system-out><![CDATA[]]></system-out>
  <system-err><![CDATA[]]></system-err>
</testsuite>
