<?xml version="1.0" encoding="UTF-8"?>
<testsuite name="com.nur.command.users.get.GetUserHandlerTest" tests="1" skipped="0" failures="0" errors="0" timestamp="2024-01-03T01:49:38" hostname="DESKTOP-B9MAGP3" time="0.02">
  <properties/>
  <testcase name="testCreateHandler()" classname="com.nur.command.users.get.GetUserHandlerTest" time="0.02"/>
  <system-out><![CDATA[]]></system-out>
  <system-err><![CDATA[]]></system-err>
</testsuite>
