<?xml version="1.0" encoding="UTF-8"?>
<testsuite name="com.nur.command.commend.create.CreateCommendHandlerTest" tests="2" skipped="0" failures="0" errors="0" timestamp="2023-09-11T03:44:16" hostname="DESKTOP-B9MAGP3" time="1.137">
  <properties/>
  <testcase name="testCreateHandler()" classname="com.nur.command.commend.create.CreateCommendHandlerTest" time="1.065"/>
  <testcase name="testHandlerException()" classname="com.nur.command.commend.create.CreateCommendHandlerTest" time="0.067"/>
  <system-out><![CDATA[]]></system-out>
  <system-err><![CDATA[]]></system-err>
</testsuite>
