<?xml version="1.0" encoding="UTF-8"?>
<testsuite name="com.nur.command.commend.create.CreateCommendPersonHandlerTest" tests="2" skipped="0" failures="0" errors="0" timestamp="2023-10-06T20:03:53" hostname="31T105P61" time="0.02">
  <properties/>
  <testcase name="testCreateHandler()" classname="com.nur.command.commend.create.CreateCommendPersonHandlerTest" time="0.015"/>
  <testcase name="testHandlerException()" classname="com.nur.command.commend.create.CreateCommendPersonHandlerTest" time="0.003"/>
  <system-out><![CDATA[]]></system-out>
  <system-err><![CDATA[]]></system-err>
</testsuite>
