<?xml version="1.0" encoding="UTF-8"?>
<testsuite name="com.nur.command.commend.list.GetListCommendPersonHandlerTest" tests="2" skipped="0" failures="0" errors="0" timestamp="2024-01-03T01:49:38" hostname="DESKTOP-B9MAGP3" time="0.031">
  <properties/>
  <testcase name="testGetAllException()" classname="com.nur.command.commend.list.GetListCommendPersonHandlerTest" time="0.023"/>
  <testcase name="testGetAll()" classname="com.nur.command.commend.list.GetListCommendPersonHandlerTest" time="0.006"/>
  <system-out><![CDATA[]]></system-out>
  <system-err><![CDATA[]]></system-err>
</testsuite>
