<?xml version="1.0" encoding="UTF-8"?>
<testsuite name="com.nur.command.person.create.CreatePersonHandlerTest" tests="2" skipped="0" failures="0" errors="0" timestamp="2023-09-11T03:44:17" hostname="DESKTOP-B9MAGP3" time="0.049">
  <properties/>
  <testcase name="testCreateHandle()" classname="com.nur.command.person.create.CreatePersonHandlerTest" time="0.04"/>
  <testcase name="testCreateHandleException()" classname="com.nur.command.person.create.CreatePersonHandlerTest" time="0.006"/>
  <system-out><![CDATA[]]></system-out>
  <system-err><![CDATA[]]></system-err>
</testsuite>
