<?xml version="1.0" encoding="UTF-8"?>
<testsuite name="com.nur.command.commend.get.GetCommendHandlerTest" tests="1" skipped="0" failures="0" errors="0" timestamp="2023-09-09T23:28:52" hostname="DESKTOP-B9MAGP3" time="0.022">
  <properties/>
  <testcase name="testCreateHandler()" classname="com.nur.command.commend.get.GetCommendHandlerTest" time="0.022"/>
  <system-out><![CDATA[]]></system-out>
  <system-err><![CDATA[]]></system-err>
</testsuite>
