<?xml version="1.0" encoding="UTF-8"?>
<testsuite name="com.nur.command.commend.create.CreateCommendPersonHandlerTest" tests="2" skipped="0" failures="0" errors="0" timestamp="2024-01-03T01:49:37" hostname="DESKTOP-B9MAGP3" time="0.051">
  <properties/>
  <testcase name="testCreateHandler()" classname="com.nur.command.commend.create.CreateCommendPersonHandlerTest" time="0.039"/>
  <testcase name="testHandlerException()" classname="com.nur.command.commend.create.CreateCommendPersonHandlerTest" time="0.006"/>
  <system-out><![CDATA[]]></system-out>
  <system-err><![CDATA[]]></system-err>
</testsuite>
