<?xml version="1.0" encoding="UTF-8"?>
<testsuite name="com.nur.command.users.create.CreateUserHandlerTest" tests="2" skipped="0" failures="0" errors="0" timestamp="2023-09-11T03:44:17" hostname="DESKTOP-B9MAGP3" time="0.09">
  <properties/>
  <testcase name="testCreateHandleException()" classname="com.nur.command.users.create.CreateUserHandlerTest" time="0.067"/>
  <testcase name="testCreateHandler()" classname="com.nur.command.users.create.CreateUserHandlerTest" time="0.014"/>
  <system-out><![CDATA[]]></system-out>
  <system-err><![CDATA[]]></system-err>
</testsuite>
