<?xml version="1.0" encoding="UTF-8"?>
<testsuite name="com.nur.command.commend.list.GetListCommendHandlerTest" tests="2" skipped="0" failures="0" errors="0" timestamp="2023-09-11T03:44:17" hostname="DESKTOP-B9MAGP3" time="0.098">
  <properties/>
  <testcase name="testGetAllException()" classname="com.nur.command.commend.list.GetListCommendHandlerTest" time="0.05"/>
  <testcase name="testGetAll()" classname="com.nur.command.commend.list.GetListCommendHandlerTest" time="0.04"/>
  <system-out><![CDATA[]]></system-out>
  <system-err><![CDATA[]]></system-err>
</testsuite>
