<?xml version="1.0" encoding="UTF-8"?>
<testsuite name="com.nur.command.person.list.GetListPersonsHandlerTest" tests="2" skipped="0" failures="0" errors="0" timestamp="2024-01-03T01:49:38" hostname="DESKTOP-B9MAGP3" time="0.025">
  <properties/>
  <testcase name="testGetAllException()" classname="com.nur.command.person.list.GetListPersonsHandlerTest" time="0.012"/>
  <testcase name="testGetAllPersonsHandler()" classname="com.nur.command.person.list.GetListPersonsHandlerTest" time="0.004"/>
  <system-out><![CDATA[]]></system-out>
  <system-err><![CDATA[]]></system-err>
</testsuite>
