<?xml version="1.0" encoding="UTF-8"?>
<testsuite name="com.nur.command.person.create.CreatePersonHandlerTest" tests="2" skipped="0" failures="0" errors="0" timestamp="2024-01-03T01:49:38" hostname="DESKTOP-B9MAGP3" time="0.104">
  <properties/>
  <testcase name="testCreateHandle()" classname="com.nur.command.person.create.CreatePersonHandlerTest" time="0.073"/>
  <testcase name="testCreateHandleException()" classname="com.nur.command.person.create.CreatePersonHandlerTest" time="0.029"/>
  <system-out><![CDATA[]]></system-out>
  <system-err><![CDATA[]]></system-err>
</testsuite>
