<?xml version="1.0" encoding="UTF-8"?>
<testsuite name="com.nur.command.commend.list.GetListCommendPersonHandlerTest" tests="2" skipped="0" failures="0" errors="0" timestamp="2023-10-01T18:48:29" hostname="DESKTOP-B9MAGP3" time="0.781">
  <properties/>
  <testcase name="testGetAllException()" classname="com.nur.command.commend.list.GetListCommendPersonHandlerTest" time="0.704"/>
  <testcase name="testGetAll()" classname="com.nur.command.commend.list.GetListCommendPersonHandlerTest" time="0.07"/>
  <system-out><![CDATA[]]></system-out>
  <system-err><![CDATA[]]></system-err>
</testsuite>
