<?xml version="1.0" encoding="UTF-8"?>
<testsuite name="com.nur.command.person.create.CreatePersonHandlerTest" tests="2" skipped="0" failures="0" errors="0" timestamp="2023-09-09T23:28:52" hostname="DESKTOP-B9MAGP3" time="0.07">
  <properties/>
  <testcase name="testCreateHandle()" classname="com.nur.command.person.create.CreatePersonHandlerTest" time="0.054"/>
  <testcase name="testCreateHandleException()" classname="com.nur.command.person.create.CreatePersonHandlerTest" time="0.014"/>
  <system-out><![CDATA[]]></system-out>
  <system-err><![CDATA[]]></system-err>
</testsuite>
