<?xml version="1.0" encoding="UTF-8"?>
<testsuite name="com.nur.command.person.list.GetListPersonsHandlerTest" tests="2" skipped="0" failures="0" errors="0" timestamp="2023-09-11T03:44:17" hostname="DESKTOP-B9MAGP3" time="0.032">
  <properties/>
  <testcase name="testGetAllException()" classname="com.nur.command.person.list.GetListPersonsHandlerTest" time="0.02"/>
  <testcase name="testGetAllPersonsHandler()" classname="com.nur.command.person.list.GetListPersonsHandlerTest" time="0.008"/>
  <system-out><![CDATA[]]></system-out>
  <system-err><![CDATA[]]></system-err>
</testsuite>
