<?xml version="1.0" encoding="UTF-8"?>
<testsuite name="com.nur.command.person.list.GetListPersonsHandlerTest" tests="2" skipped="0" failures="0" errors="0" timestamp="2023-10-06T20:03:53" hostname="31T105P61" time="0.007">
  <properties/>
  <testcase name="testGetAllException()" classname="com.nur.command.person.list.GetListPersonsHandlerTest" time="0.004"/>
  <testcase name="testGetAllPersonsHandler()" classname="com.nur.command.person.list.GetListPersonsHandlerTest" time="0.002"/>
  <system-out><![CDATA[]]></system-out>
  <system-err><![CDATA[]]></system-err>
</testsuite>
