<?xml version="1.0" encoding="UTF-8"?>
<testsuite name="com.nur.command.users.list.GetListUsersHandlerTest" tests="2" skipped="0" failures="0" errors="0" timestamp="2023-09-09T23:28:52" hostname="DESKTOP-B9MAGP3" time="0.026">
  <properties/>
  <testcase name="testGetAllException()" classname="com.nur.command.users.list.GetListUsersHandlerTest" time="0.017"/>
  <testcase name="testGetAll()" classname="com.nur.command.users.list.GetListUsersHandlerTest" time="0.007"/>
  <system-out><![CDATA[]]></system-out>
  <system-err><![CDATA[]]></system-err>
</testsuite>
