<?xml version="1.0" encoding="UTF-8"?>
<testsuite name="com.nur.command.person.create.CreatePersonHandlerTest" tests="2" skipped="0" failures="0" errors="0" timestamp="2023-10-06T20:03:53" hostname="31T105P61" time="0.016">
  <properties/>
  <testcase name="testCreateHandle()" classname="com.nur.command.person.create.CreatePersonHandlerTest" time="0.013"/>
  <testcase name="testCreateHandleException()" classname="com.nur.command.person.create.CreatePersonHandlerTest" time="0.003"/>
  <system-out><![CDATA[]]></system-out>
  <system-err><![CDATA[]]></system-err>
</testsuite>
