<?xml version="1.0" encoding="UTF-8"?>
<testsuite name="com.nur.command.commend.list.GetListCommendHandlerTest" tests="2" skipped="0" failures="0" errors="0" timestamp="2023-09-09T23:28:52" hostname="DESKTOP-B9MAGP3" time="0.045">
  <properties/>
  <testcase name="testGetAllException()" classname="com.nur.command.commend.list.GetListCommendHandlerTest" time="0.014"/>
  <testcase name="testGetAll()" classname="com.nur.command.commend.list.GetListCommendHandlerTest" time="0.027"/>
  <system-out><![CDATA[]]></system-out>
  <system-err><![CDATA[]]></system-err>
</testsuite>
