<?xml version="1.0" encoding="UTF-8"?>
<testsuite name="com.nur.controllers.CommendControllerTest" tests="3" skipped="0" failures="0" errors="0" timestamp="2023-10-06T20:04:37" hostname="31T105P61" time="0.492">
  <properties/>
  <testcase name="testControllerCreate()" classname="com.nur.controllers.CommendControllerTest" time="0.482"/>
  <testcase name="testControllerGetAll()" classname="com.nur.controllers.CommendControllerTest" time="0.004"/>
  <testcase name="testControllerGetById()" classname="com.nur.controllers.CommendControllerTest" time="0.003"/>
  <system-out><![CDATA[]]></system-out>
  <system-err><![CDATA[]]></system-err>
</testsuite>
