<?xml version="1.0" encoding="UTF-8"?>
<testsuite name="com.nur.controllers.UserControllersTest" tests="3" skipped="0" failures="0" errors="0" timestamp="2023-09-11T03:45:45" hostname="DESKTOP-B9MAGP3" time="0.102">
  <properties/>
  <testcase name="testGetUserController()" classname="com.nur.controllers.UserControllersTest" time="0.035"/>
  <testcase name="testControllerCreateUser()" classname="com.nur.controllers.UserControllersTest" time="0.014"/>
  <testcase name="testGetAll()" classname="com.nur.controllers.UserControllersTest" time="0.032"/>
  <system-out><![CDATA[]]></system-out>
  <system-err><![CDATA[]]></system-err>
</testsuite>
