<?xml version="1.0" encoding="UTF-8"?>
<testsuite name="com.nur.controllers.PersonsControllerTest" tests="3" skipped="0" failures="0" errors="0" timestamp="2023-09-10T14:26:20" hostname="DESKTOP-B9MAGP3" time="0.086">
  <properties/>
  <testcase name="testControllerGetPersonById()" classname="com.nur.controllers.PersonsControllerTest" time="0.016"/>
  <testcase name="testControllerGetListPersons()" classname="com.nur.controllers.PersonsControllerTest" time="0.019"/>
  <testcase name="testControllerCreatePerson()" classname="com.nur.controllers.PersonsControllerTest" time="0.034"/>
  <system-out><![CDATA[]]></system-out>
  <system-err><![CDATA[]]></system-err>
</testsuite>
