<?xml version="1.0" encoding="UTF-8"?>
<testsuite name="com.nur.model.PersonasTest" tests="2" skipped="0" failures="0" errors="0" timestamp="2023-09-07T01:25:32" hostname="DESKTOP-B9MAGP3" time="0.811">
  <properties/>
  <testcase name="testPersonEmptyCreate()" classname="com.nur.model.PersonasTest" time="0.742"/>
  <testcase name="testPersonsCreate()" classname="com.nur.model.PersonasTest" time="0.015"/>
  <system-out><![CDATA[]]></system-out>
  <system-err><![CDATA[]]></system-err>
</testsuite>
