<?xml version="1.0" encoding="UTF-8"?>
<testsuite name="com.nur.factories.commends.CommendPersonFactoryTest" tests="1" skipped="0" failures="0" errors="0" timestamp="2023-10-06T20:04:41" hostname="31T105P61" time="0.045">
  <properties/>
  <testcase name="testCreateCommendPersonFactory()" classname="com.nur.factories.commends.CommendPersonFactoryTest" time="0.045"/>
  <system-out><![CDATA[]]></system-out>
  <system-err><![CDATA[]]></system-err>
</testsuite>
