<?xml version="1.0" encoding="UTF-8"?>
<testsuite name="com.nur.model.MessagesTest" tests="3" skipped="0" failures="0" errors="0" timestamp="2023-10-06T20:04:41" hostname="31T105P61" time="0.007">
  <properties/>
  <testcase name="testAnularMessage()" classname="com.nur.model.MessagesTest" time="0.003"/>
  <testcase name="testCheckCreateMessage()" classname="com.nur.model.MessagesTest" time="0.0"/>
  <testcase name="testCheckException()" classname="com.nur.model.MessagesTest" time="0.002"/>
  <system-out><![CDATA[]]></system-out>
  <system-err><![CDATA[]]></system-err>
</testsuite>
