<?xml version="1.0" encoding="UTF-8"?>
<testsuite name="com.nur.model.UsuarioTest" tests="1" skipped="0" failures="0" errors="0" timestamp="2023-09-06T04:03:56" hostname="DESKTOP-B9MAGP3" time="0.168">
  <properties/>
  <testcase name="testToCheckCreateUser()" classname="com.nur.model.UsuarioTest" time="0.168"/>
  <system-out><![CDATA[]]></system-out>
  <system-err><![CDATA[]]></system-err>
</testsuite>
