<?xml version="1.0" encoding="UTF-8"?>
<testsuite name="com.nur.factories.persons.PersonaFactoryTest" tests="1" skipped="0" failures="0" errors="0" timestamp="2023-09-11T03:42:03" hostname="DESKTOP-B9MAGP3" time="0.02">
  <properties/>
  <testcase name="testCreatePersonFactory()" classname="com.nur.factories.persons.PersonaFactoryTest" time="0.02"/>
  <system-out><![CDATA[]]></system-out>
  <system-err><![CDATA[]]></system-err>
</testsuite>
