<?xml version="1.0" encoding="UTF-8"?>
<testsuite name="com.nur.model.ConversacionTest" tests="3" skipped="0" failures="0" errors="0" timestamp="2023-10-06T20:04:41" hostname="31T105P61" time="0.009">
  <properties/>
  <testcase name="testException()" classname="com.nur.model.ConversacionTest" time="0.004"/>
  <testcase name="testDeprecatedConversation()" classname="com.nur.model.ConversacionTest" time="0.001"/>
  <testcase name="testCheckCreate()" classname="com.nur.model.ConversacionTest" time="0.001"/>
  <system-out><![CDATA[]]></system-out>
  <system-err><![CDATA[]]></system-err>
</testsuite>
