<?xml version="1.0" encoding="UTF-8"?>
<testsuite name="com.nur.model.UsuarioTest" tests="2" skipped="0" failures="0" errors="0" timestamp="2024-01-03T01:45:26" hostname="DESKTOP-B9MAGP3" time="0.028">
  <properties/>
  <testcase name="testCheckContructors()" classname="com.nur.model.UsuarioTest" time="0.003"/>
  <testcase name="testToCheckCreateUser()" classname="com.nur.model.UsuarioTest" time="0.004"/>
  <system-out><![CDATA[]]></system-out>
  <system-err><![CDATA[]]></system-err>
</testsuite>
