<?xml version="1.0" encoding="UTF-8"?>
<testsuite name="com.nur.factories.messages.MessageFactoryTest" tests="1" skipped="0" failures="0" errors="0" timestamp="2024-01-03T01:45:26" hostname="DESKTOP-B9MAGP3" time="0.01">
  <properties/>
  <testcase name="testCreateMessageFactory()" classname="com.nur.factories.messages.MessageFactoryTest" time="0.01"/>
  <system-out><![CDATA[]]></system-out>
  <system-err><![CDATA[]]></system-err>
</testsuite>
