<?xml version="1.0" encoding="UTF-8"?>
<testsuite name="com.nur.valueObjects.PasswordValueObjectTest" tests="3" skipped="0" failures="0" errors="0" timestamp="2023-09-07T01:25:33" hostname="DESKTOP-B9MAGP3" time="0.615">
  <properties/>
  <testcase name="testSecondInvalidCreationPasswordValueObject()" classname="com.nur.valueObjects.PasswordValueObjectTest" time="0.401"/>
  <testcase name="testInvalidCreationPasswordValueObject()" classname="com.nur.valueObjects.PasswordValueObjectTest" time="0.072"/>
  <testcase name="testCheckPasswordCreatingValueObject()" classname="com.nur.valueObjects.PasswordValueObjectTest" time="0.007"/>
  <system-out><![CDATA[]]></system-out>
  <system-err><![CDATA[]]></system-err>
</testsuite>
