<?xml version="1.0" encoding="UTF-8"?>
<testsuite name="com.nur.valueObjects.ValorationValueObjectTest" tests="2" skipped="0" failures="0" errors="0" timestamp="2024-01-03T01:45:26" hostname="DESKTOP-B9MAGP3" time="0.012">
  <properties/>
  <testcase name="testCheckValorationValueObject()" classname="com.nur.valueObjects.ValorationValueObjectTest" time="0.001"/>
  <testcase name="testCheckInvalidValoration()" classname="com.nur.valueObjects.ValorationValueObjectTest" time="0.008"/>
  <system-out><![CDATA[]]></system-out>
  <system-err><![CDATA[]]></system-err>
</testsuite>
