<?xml version="1.0" encoding="UTF-8"?>
<testsuite name="com.nur.valueObjects.ValorationValueObjectTest" tests="2" skipped="0" failures="0" errors="0" timestamp="2023-09-09T22:19:30" hostname="DESKTOP-B9MAGP3" time="0.012">
  <properties/>
  <testcase name="testCheckValorationValueObject()" classname="com.nur.valueObjects.ValorationValueObjectTest" time="0.002"/>
  <testcase name="testCheckInvalidValoration()" classname="com.nur.valueObjects.ValorationValueObjectTest" time="0.008"/>
  <system-out><![CDATA[]]></system-out>
  <system-err><![CDATA[]]></system-err>
</testsuite>
