<?xml version="1.0" encoding="UTF-8"?>
<testsuite name="com.nur.valueObjects.EmailValueObjectTest" tests="2" skipped="0" failures="0" errors="0" timestamp="2023-09-07T01:25:33" hostname="DESKTOP-B9MAGP3" time="0.219">
  <properties/>
  <testcase name="testInvalidCreationEmailValue()" classname="com.nur.valueObjects.EmailValueObjectTest" time="0.099"/>
  <testcase name="testCreationEmailValueObject()" classname="com.nur.valueObjects.EmailValueObjectTest" time="0.1"/>
  <system-out><![CDATA[]]></system-out>
  <system-err><![CDATA[]]></system-err>
</testsuite>
