<?xml version="1.0" encoding="UTF-8"?>
<testsuite name="com.nur.model.UsuarioTest" tests="2" skipped="0" failures="0" errors="0" timestamp="2023-09-09T22:19:30" hostname="DESKTOP-B9MAGP3" time="0.011">
  <properties/>
  <testcase name="testCheckContructors()" classname="com.nur.model.UsuarioTest" time="0.007"/>
  <testcase name="testToCheckCreateUser()" classname="com.nur.model.UsuarioTest" time="0.002"/>
  <system-out><![CDATA[]]></system-out>
  <system-err><![CDATA[]]></system-err>
</testsuite>
