<?xml version="1.0" encoding="UTF-8"?>
<testsuite name="com.nur.model.CommendTest" tests="1" skipped="0" failures="0" errors="0" timestamp="2024-01-03T01:45:26" hostname="DESKTOP-B9MAGP3" time="0.002">
  <properties/>
  <testcase name="testCheckCreateCommend()" classname="com.nur.model.CommendTest" time="0.002"/>
  <system-out><![CDATA[]]></system-out>
  <system-err><![CDATA[]]></system-err>
</testsuite>
