<?xml version="1.0" encoding="UTF-8"?>
<testsuite name="com.nur.model.ConversacionTest" tests="3" skipped="0" failures="0" errors="0" timestamp="2023-09-09T00:36:40" hostname="DESKTOP-B9MAGP3" time="0.222">
  <properties/>
  <testcase name="testException()" classname="com.nur.model.ConversacionTest" time="0.192"/>
  <testcase name="testDeprecatedConversation()" classname="com.nur.model.ConversacionTest" time="0.02"/>
  <testcase name="testCheckCreate()" classname="com.nur.model.ConversacionTest" time="0.004"/>
  <system-out><![CDATA[]]></system-out>
  <system-err><![CDATA[]]></system-err>
</testsuite>
