<?xml version="1.0" encoding="UTF-8"?>
<testsuite name="com.nur.model.PersonasTest" tests="2" skipped="0" failures="0" errors="0" timestamp="2024-01-03T01:45:26" hostname="DESKTOP-B9MAGP3" time="0.027">
  <properties/>
  <testcase name="testPersonEmptyCreate()" classname="com.nur.model.PersonasTest" time="0.021"/>
  <testcase name="testPersonsCreate()" classname="com.nur.model.PersonasTest" time="0.002"/>
  <system-out><![CDATA[]]></system-out>
  <system-err><![CDATA[]]></system-err>
</testsuite>
