<?xml version="1.0" encoding="UTF-8"?>
<testsuite name="com.nur.factories.conversation.ConversationFactoryTest" tests="1" skipped="0" failures="0" errors="0" timestamp="2023-09-09T22:19:29" hostname="DESKTOP-B9MAGP3" time="0.186">
  <properties/>
  <testcase name="testCreateConversationFactory()" classname="com.nur.factories.conversation.ConversationFactoryTest" time="0.186"/>
  <system-out><![CDATA[]]></system-out>
  <system-err><![CDATA[]]></system-err>
</testsuite>
