<?xml version="1.0" encoding="UTF-8"?>
<testsuite name="com.nur.factories.users.UserFactoryTest" tests="2" skipped="0" failures="0" errors="0" timestamp="2024-01-03T01:45:26" hostname="DESKTOP-B9MAGP3" time="0.011">
  <properties/>
  <testcase name="testException()" classname="com.nur.factories.users.UserFactoryTest" time="0.006"/>
  <testcase name="testCreateUSerFactory()" classname="com.nur.factories.users.UserFactoryTest" time="0.003"/>
  <system-out><![CDATA[]]></system-out>
  <system-err><![CDATA[]]></system-err>
</testsuite>
