<?xml version="1.0" encoding="UTF-8"?>
<testsuite name="com.nur.valueObjects.EmailValueObjectTest" tests="3" skipped="0" failures="0" errors="0" timestamp="2023-09-11T03:42:03" hostname="DESKTOP-B9MAGP3" time="0.047">
  <properties/>
  <testcase name="testInvalidCreationEmailValue()" classname="com.nur.valueObjects.EmailValueObjectTest" time="0.03"/>
  <testcase name="testCreationEmailValueObject()" classname="com.nur.valueObjects.EmailValueObjectTest" time="0.003"/>
  <testcase name="testInvalidCreationEmailValueNull()" classname="com.nur.valueObjects.EmailValueObjectTest" time="0.004"/>
  <system-out><![CDATA[]]></system-out>
  <system-err><![CDATA[]]></system-err>
</testsuite>
