<?xml version="1.0" encoding="UTF-8"?>
<testsuite name="com.nur.model.MessagesTest" tests="3" skipped="0" failures="0" errors="0" timestamp="2024-01-03T01:45:26" hostname="DESKTOP-B9MAGP3" time="0.033">
  <properties/>
  <testcase name="testAnularMessage()" classname="com.nur.model.MessagesTest" time="0.008"/>
  <testcase name="testCheckCreateMessage()" classname="com.nur.model.MessagesTest" time="0.009"/>
  <testcase name="testCheckException()" classname="com.nur.model.MessagesTest" time="0.007"/>
  <system-out><![CDATA[]]></system-out>
  <system-err><![CDATA[]]></system-err>
</testsuite>
