<?xml version="1.0" encoding="UTF-8"?>
<testsuite name="com.nur.model.CommendTest" tests="1" skipped="0" failures="0" errors="0" timestamp="2023-09-09T22:19:30" hostname="DESKTOP-B9MAGP3" time="0.015">
  <properties/>
  <testcase name="testCheckCreateCommend()" classname="com.nur.model.CommendTest" time="0.015"/>
  <system-out><![CDATA[]]></system-out>
  <system-err><![CDATA[]]></system-err>
</testsuite>
