<?xml version="1.0" encoding="UTF-8"?>
<testsuite name="com.nur.factories.commends.CommentFactoryTest" tests="1" skipped="0" failures="0" errors="0" timestamp="2023-10-06T20:04:41" hostname="31T105P61" time="0.003">
  <properties/>
  <testcase name="testCreateCommendFactory()" classname="com.nur.factories.commends.CommentFactoryTest" time="0.003"/>
  <system-out><![CDATA[]]></system-out>
  <system-err><![CDATA[]]></system-err>
</testsuite>
