<?xml version="1.0" encoding="UTF-8"?>
<testsuite name="com.nur.factories.commends.CommendPersonFactoryTest" tests="1" skipped="0" failures="0" errors="0" timestamp="2023-09-30T20:18:52" hostname="DESKTOP-B9MAGP3" time="0.196">
  <properties/>
  <testcase name="testCreateCommendPersonFactory()" classname="com.nur.factories.commends.CommendPersonFactoryTest" time="0.196"/>
  <system-out><![CDATA[]]></system-out>
  <system-err><![CDATA[]]></system-err>
</testsuite>
