<?xml version="1.0" encoding="UTF-8"?>
<testsuite name="com.nur.valueObjects.PasswordValueObjectTest" tests="3" skipped="0" failures="0" errors="0" timestamp="2023-09-09T22:19:30" hostname="DESKTOP-B9MAGP3" time="0.015">
  <properties/>
  <testcase name="testSecondInvalidCreationPasswordValueObject()" classname="com.nur.valueObjects.PasswordValueObjectTest" time="0.002"/>
  <testcase name="testInvalidCreationPasswordValueObject()" classname="com.nur.valueObjects.PasswordValueObjectTest" time="0.003"/>
  <testcase name="testCheckPasswordCreatingValueObject()" classname="com.nur.valueObjects.PasswordValueObjectTest" time="0.004"/>
  <system-out><![CDATA[]]></system-out>
  <system-err><![CDATA[]]></system-err>
</testsuite>
