<?xml version="1.0" encoding="UTF-8"?>
<testsuite name="com.nur.factories.users.UserFactoryTest" tests="2" skipped="0" failures="0" errors="0" timestamp="2023-09-09T16:47:30" hostname="DESKTOP-B9MAGP3" time="0.203">
  <properties/>
  <testcase name="testException()" classname="com.nur.factories.users.UserFactoryTest" time="0.089"/>
  <testcase name="testCreateUSerFactory()" classname="com.nur.factories.users.UserFactoryTest" time="0.106"/>
  <system-out><![CDATA[]]></system-out>
  <system-err><![CDATA[]]></system-err>
</testsuite>
