<?xml version="1.0" encoding="UTF-8"?>
<testsuite name="com.nur.valueObjects.EmailValueObjectTest" tests="3" skipped="0" failures="0" errors="0" timestamp="2023-10-06T20:04:41" hostname="31T105P61" time="0.006">
  <properties/>
  <testcase name="testInvalidCreationEmailValue()" classname="com.nur.valueObjects.EmailValueObjectTest" time="0.001"/>
  <testcase name="testCreationEmailValueObject()" classname="com.nur.valueObjects.EmailValueObjectTest" time="0.001"/>
  <testcase name="testInvalidCreationEmailValueNull()" classname="com.nur.valueObjects.EmailValueObjectTest" time="0.002"/>
  <system-out><![CDATA[]]></system-out>
  <system-err><![CDATA[]]></system-err>
</testsuite>
