<?xml version="1.0" encoding="UTF-8"?>
<testsuite name="com.nur.utils.CommendUtilsTest" tests="2" skipped="0" failures="0" errors="0" timestamp="2023-10-06T20:04:11" hostname="31T105P61" time="0.003">
  <properties/>
  <testcase name="testCheckCommendToJpaEntity()" classname="com.nur.utils.CommendUtilsTest" time="0.001"/>
  <testcase name="testCheckJpaToCommend()" classname="com.nur.utils.CommendUtilsTest" time="0.001"/>
  <system-out><![CDATA[]]></system-out>
  <system-err><![CDATA[]]></system-err>
</testsuite>
