<?xml version="1.0" encoding="UTF-8"?>
<testsuite name="com.nur.model.CommendPersonJpaModelTest" tests="1" skipped="0" failures="0" errors="0" timestamp="2023-10-06T20:04:09" hostname="31T105P61" time="0.002">
  <properties/>
  <testcase name="testCheckCreateCommendPersonJpa()" classname="com.nur.model.CommendPersonJpaModelTest" time="0.002"/>
  <system-out><![CDATA[]]></system-out>
  <system-err><![CDATA[]]></system-err>
</testsuite>
