<?xml version="1.0" encoding="UTF-8"?>
<testsuite name="com.nur.repositories.commend.CommendCrudRepositoryImplTest" tests="4" skipped="0" failures="0" errors="0" timestamp="2023-09-11T03:43:15" hostname="DESKTOP-B9MAGP3" time="5.491">
  <properties/>
  <testcase name="testGetById()" classname="com.nur.repositories.commend.CommendCrudRepositoryImplTest" time="5.412"/>
  <testcase name="testGetByIdException()" classname="com.nur.repositories.commend.CommendCrudRepositoryImplTest" time="0.019"/>
  <testcase name="testUpdateCommend()" classname="com.nur.repositories.commend.CommendCrudRepositoryImplTest" time="0.012"/>
  <testcase name="testGetAll()" classname="com.nur.repositories.commend.CommendCrudRepositoryImplTest" time="0.03"/>
  <system-out><![CDATA[]]></system-out>
  <system-err><![CDATA[]]></system-err>
</testsuite>
