<?xml version="1.0" encoding="UTF-8"?>
<testsuite name="com.nur.repositories.persons.PersonsCrudRepositoryImplTest" tests="4" skipped="0" failures="0" errors="0" timestamp="2023-10-06T20:04:11" hostname="31T105P61" time="0.159">
  <properties/>
  <testcase name="testGetById()" classname="com.nur.repositories.persons.PersonsCrudRepositoryImplTest" time="0.106"/>
  <testcase name="testGetByIdException()" classname="com.nur.repositories.persons.PersonsCrudRepositoryImplTest" time="0.003"/>
  <testcase name="testGetAll()" classname="com.nur.repositories.persons.PersonsCrudRepositoryImplTest" time="0.003"/>
  <testcase name="testUpdate()" classname="com.nur.repositories.persons.PersonsCrudRepositoryImplTest" time="0.043"/>
  <system-out><![CDATA[]]></system-out>
  <system-err><![CDATA[]]></system-err>
</testsuite>
