<?xml version="1.0" encoding="UTF-8"?>
<testsuite name="com.nur.repositories.commend.CommendPersonCrudRepositoryImplTest" tests="4" skipped="0" failures="0" errors="0" timestamp="2023-10-01T17:47:00" hostname="DESKTOP-B9MAGP3" time="8.491">
  <properties/>
  <testcase name="testGetById()" classname="com.nur.repositories.commend.CommendPersonCrudRepositoryImplTest" time="8.277"/>
  <testcase name="testUpdateCommendPerson()" classname="com.nur.repositories.commend.CommendPersonCrudRepositoryImplTest" time="0.034"/>
  <testcase name="testGetByIdException()" classname="com.nur.repositories.commend.CommendPersonCrudRepositoryImplTest" time="0.019"/>
  <testcase name="testGetAll()" classname="com.nur.repositories.commend.CommendPersonCrudRepositoryImplTest" time="0.145"/>
  <system-out><![CDATA[]]></system-out>
  <system-err><![CDATA[]]></system-err>
</testsuite>
