<?xml version="1.0" encoding="UTF-8"?>
<testsuite name="com.nur.repositories.commend.CommendPersonCrudRepositoryImplTest" tests="4" skipped="0" failures="0" errors="0" timestamp="2023-10-06T20:04:11" hostname="31T105P61" time="0.122">
  <properties/>
  <testcase name="testGetById()" classname="com.nur.repositories.commend.CommendPersonCrudRepositoryImplTest" time="0.105"/>
  <testcase name="testUpdateCommendPerson()" classname="com.nur.repositories.commend.CommendPersonCrudRepositoryImplTest" time="0.004"/>
  <testcase name="testGetByIdException()" classname="com.nur.repositories.commend.CommendPersonCrudRepositoryImplTest" time="0.003"/>
  <testcase name="testGetAll()" classname="com.nur.repositories.commend.CommendPersonCrudRepositoryImplTest" time="0.004"/>
  <system-out><![CDATA[]]></system-out>
  <system-err><![CDATA[]]></system-err>
</testsuite>
